{
  "stats": {
    "suites": 1,
    "tests": 1,
    "passes": 1,
    "pending": 0,
    "failures": 0,
    "start": "2021-07-01T22:25:06.023Z",
    "end": "2021-07-01T22:25:26.775Z",
    "duration": 20752,
    "testsRegistered": 1,
    "passPercent": 100,
    "pendingPercent": 0,
    "other": 0,
    "hasOther": false,
    "skipped": 0,
    "hasSkipped": false
  },
  "results": [
    {
      "uuid": "e0d3314e-b4c0-4bb6-aa6a-2e702a71a324",
      "title": "",
      "fullFile": "cypress/integration/cadastro.spec.js",
      "file": "cypress/integration/cadastro.spec.js",
      "beforeHooks": [],
      "afterHooks": [],
      "tests": [],
      "suites": [
        {
          "uuid": "978f82ac-6f8d-4a65-82a3-4e5b54299461",
          "title": "Cadastro",
          "fullFile": "",
          "file": "",
          "beforeHooks": [],
          "afterHooks": [],
          "tests": [
            {
              "title": "Cadastrar novo usuário",
              "fullTitle": "Cadastro Cadastrar novo usuário",
              "timedOut": null,
              "duration": 20669,
              "state": "passed",
              "speed": "slow",
              "pass": true,
              "fail": false,
              "pending": false,
              "context": null,
              "code": "cy.get('a.login').click();\ncy.get('input#email_create').type(chance.email());\ncy.get('div.submit').find('button').click();\ncy.get('input#id_gender1').check();\ncy.get('input#customer_firstname').type(chance.first());\ncy.get('input#customer_lastname').type(chance.last());\ncy.get('input#passwd').type('123456');\ncy.get('select#days').select('1');\ncy.get('select#months').select('June');\ncy.get('select#years').select('1900');\ncy.get('input#address1').type(chance.address());\ncy.get('input#city').type(chance.city());\ncy.get('select#id_state').select('California');\ncy.get('input#postcode').type(chance.zip());\ncy.get('input#phone_mobile').type(chance.phone({\n  formatted: false\n}));\ncy.get('input#alias').type('casa');\ncy.get('button#submitAccount').click();\ncy.url().should('contain', 'my-account');\ncy.get('p.info-account').should('contain', 'Welcome to your account');",
              "err": {},
              "uuid": "033a8792-622e-48b6-953b-258747a6c3f6",
              "parentUUID": "978f82ac-6f8d-4a65-82a3-4e5b54299461",
              "isHook": false,
              "skipped": false
            }
          ],
          "suites": [],
          "passes": [
            "033a8792-622e-48b6-953b-258747a6c3f6"
          ],
          "failures": [],
          "pending": [],
          "skipped": [],
          "duration": 20669,
          "root": false,
          "rootEmpty": false,
          "_timeout": 2000
        }
      ],
      "passes": [],
      "failures": [],
      "pending": [],
      "skipped": [],
      "duration": 0,
      "root": true,
      "rootEmpty": true,
      "_timeout": 2000
    }
  ],
  "meta": {
    "mocha": {
      "version": "7.0.1"
    },
    "mochawesome": {
      "options": {
        "quiet": true,
        "reportFilename": "mochawesome",
        "saveHtml": false,
        "saveJson": true,
        "consoleReporter": "spec",
        "useInlineDiffs": false,
        "code": true
      },
      "version": "6.2.2"
    },
    "marge": {
      "options": {
        "id": "default",
        "reportDir": "mochawesome-report",
        "quiet": true,
        "overwrite": false,
        "html": false,
        "json": true
      },
      "version": "5.2.0"
    }
  }
}